<?xml version="1.0" encoding="UTF-8"?>
<!-- Generated by org.testng.reporters.JUnitReportReporter -->
<testsuite hostname="DESKTOP-KA91B3B" failures="0" tests="1" name="seleniumPractice.testNG.ParallelTest1" time="0.013" errors="0" timestamp="2021-02-28T16:58:52 BDT" skipped="0">
  <testcase classname="seleniumPractice.testNG.ParallelTest1" name="titleTest" time="0.013"/>
  <system-out/>
</testsuite> <!-- seleniumPractice.testNG.ParallelTest1 -->
