<?xml version="1.0" encoding="UTF-8"?>
<!-- Generated by org.testng.reporters.JUnitReportReporter -->
<testsuite hostname="DESKTOP-KA91B3B" failures="0" tests="1" name="seleniumPractice.seleniumPractice.MouseRightClick" time="8.563" errors="0" timestamp="2021-02-19T16:33:12 BDT" skipped="0">
  <testcase classname="seleniumPractice.seleniumPractice.MouseRightClick" name="app" time="8.563"/>
  <system-out/>
</testsuite> <!-- seleniumPractice.seleniumPractice.MouseRightClick -->
