<?xml version="1.0" encoding="UTF-8"?>
<!-- Generated by org.testng.reporters.JUnitReportReporter -->
<testsuite hostname="DESKTOP-KA91B3B" failures="0" tests="1" name="seleniumPractice.fileUpload.FileUploadByAutoIt" time="8.486" errors="0" timestamp="2021-02-28T23:14:00 BDT" skipped="0">
  <testcase classname="seleniumPractice.fileUpload.FileUploadByAutoIt" name="app" time="8.486"/>
  <system-out/>
</testsuite> <!-- seleniumPractice.fileUpload.FileUploadByAutoIt -->
