<?xml version="1.0" encoding="UTF-8"?>
<!-- Generated by org.testng.reporters.JUnitReportReporter -->
<testsuite hostname="DESKTOP-KA91B3B" failures="0" tests="1" name="seleniumPractice.testNG.Grouping" time="0.022" errors="0" timestamp="2021-02-28T16:56:25 BDT" skipped="0">
  <testcase classname="seleniumPractice.testNG.Grouping" name="test2" time="0.022"/>
  <system-out/>
</testsuite> <!-- seleniumPractice.testNG.Grouping -->
