<?xml version="1.0" encoding="UTF-8"?>
<!-- Generated by org.testng.reporters.JUnitReportReporter -->
<testsuite hostname="DESKTOP-KA91B3B" failures="0" tests="1" name="seleniumPractice.seleniumPractice.DownloadFiles" time="10.666" errors="0" timestamp="2021-02-21T09:03:05 BDT" skipped="0">
  <testcase classname="seleniumPractice.seleniumPractice.DownloadFiles" name="app" time="10.666"/>
  <system-out/>
</testsuite> <!-- seleniumPractice.seleniumPractice.DownloadFiles -->
