<?xml version="1.0" encoding="UTF-8"?>
<!-- Generated by org.testng.reporters.JUnitReportReporter -->
<testsuite hostname="DESKTOP-KA91B3B" failures="0" tests="1" name="seleniumPractice.seleniumPractice.HandlePopUp" time="10.533" errors="0" timestamp="2021-02-15T09:24:10 BDT" skipped="0">
  <testcase classname="seleniumPractice.seleniumPractice.HandlePopUp" name="myApp" time="10.533"/>
  <system-out/>
</testsuite> <!-- seleniumPractice.seleniumPractice.HandlePopUp -->
