<?xml version="1.0" encoding="UTF-8"?>
<!-- Generated by org.testng.reporters.JUnitReportReporter -->
<testsuite hostname="DESKTOP-KA91B3B" failures="0" tests="2" name="seleniumPractice.testNG.ParallelTest1" time="0.037" errors="0" timestamp="2021-02-27T16:55:21 BDT" skipped="0">
  <testcase classname="seleniumPractice.testNG.ParallelTest1" name="logoTest" time="0.018"/>
  <system-out/>
  <testcase classname="seleniumPractice.testNG.ParallelTest1" name="titleTest" time="0.019"/>
  <system-out/>
</testsuite> <!-- seleniumPractice.testNG.ParallelTest1 -->
