<?xml version="1.0" encoding="UTF-8"?>
<!-- Generated by org.testng.reporters.JUnitReportReporter -->
<testsuite hostname="DESKTOP-KA91B3B" failures="0" tests="1" name="seleniumPractice.seleniumPractice.RobotClassForKeyboardEvent" time="22.644" errors="0" timestamp="2021-02-23T17:32:04 BDT" skipped="0">
  <testcase classname="seleniumPractice.seleniumPractice.RobotClassForKeyboardEvent" name="myApp" time="22.644"/>
  <system-out/>
</testsuite> <!-- seleniumPractice.seleniumPractice.RobotClassForKeyboardEvent -->
