<?xml version="1.0" encoding="UTF-8"?>
<!-- Generated by org.testng.reporters.JUnitReportReporter -->
<testsuite hostname="DESKTOP-KA91B3B" failures="0" tests="1" name="seleniumPractice.seleniumPractice.HandleAlertAndIFrames" time="9.275" errors="0" timestamp="2021-02-19T10:55:31 BDT" skipped="0">
  <testcase classname="seleniumPractice.seleniumPractice.HandleAlertAndIFrames" name="myApp" time="9.275"/>
  <system-out/>
</testsuite> <!-- seleniumPractice.seleniumPractice.HandleAlertAndIFrames -->
