<?xml version="1.0" encoding="UTF-8"?>
<!-- Generated by org.testng.reporters.JUnitReportReporter -->
<testsuite hostname="DESKTOP-KA91B3B" failures="0" tests="1" name="seleniumPractice.seleniumPractice.Scrolling" time="17.125" errors="0" timestamp="2021-02-23T22:16:38 BDT" skipped="0">
  <testcase classname="seleniumPractice.seleniumPractice.Scrolling" name="app" time="17.125"/>
  <system-out/>
</testsuite> <!-- seleniumPractice.seleniumPractice.Scrolling -->
