<?xml version="1.0" encoding="UTF-8"?>
<!-- Generated by org.testng.reporters.JUnitReportReporter -->
<testsuite hostname="DESKTOP-KA91B3B" failures="0" tests="1" name="seleniumPractice.javascriptExecutor.DrawingBorderAndScreenShot" time="10.921" errors="0" timestamp="2021-02-23T23:07:55 BDT" skipped="0">
  <testcase classname="seleniumPractice.javascriptExecutor.DrawingBorderAndScreenShot" name="app" time="10.921"/>
  <system-out/>
</testsuite> <!-- seleniumPractice.javascriptExecutor.DrawingBorderAndScreenShot -->
