<?xml version="1.0" encoding="UTF-8"?>
<!-- Generated by org.testng.reporters.JUnitReportReporter -->
<testsuite hostname="DESKTOP-KA91B3B" failures="0" tests="1" name="seleniumPractice.dataDriven.CalculationTest" time="23.371" errors="0" timestamp="2021-02-22T09:08:09 BDT" skipped="0">
  <testcase classname="seleniumPractice.dataDriven.CalculationTest" name="app" time="23.371"/>
  <system-out/>
</testsuite> <!-- seleniumPractice.dataDriven.CalculationTest -->
