<?xml version="1.0" encoding="UTF-8"?>
<!-- Generated by org.testng.reporters.JUnitReportReporter -->
<testsuite hostname="DESKTOP-KA91B3B" failures="0" tests="1" name="seleniumPractice.screenRecoder.TestCases" time="6.212" errors="0" timestamp="2021-03-03T17:06:28 BDT" skipped="0">
  <testcase classname="seleniumPractice.screenRecoder.TestCases" name="myTests" time="6.212"/>
  <system-out/>
</testsuite> <!-- seleniumPractice.screenRecoder.TestCases -->
