<?xml version="1.0" encoding="UTF-8"?>
<!-- Generated by org.testng.reporters.JUnitReportReporter -->
<testsuite hostname="DESKTOP-KA91B3B" failures="0" tests="1" name="seleniumPractice.dataDriven.WriteDataIntoExcel" time="1.065" errors="0" timestamp="2021-02-22T09:31:34 BDT" skipped="0">
  <testcase classname="seleniumPractice.dataDriven.WriteDataIntoExcel" name="app" time="1.065"/>
  <system-out/>
</testsuite> <!-- seleniumPractice.dataDriven.WriteDataIntoExcel -->
