<?xml version="1.0" encoding="UTF-8"?>
<!-- Generated by org.testng.reporters.JUnitReportReporter -->
<testsuite hostname="DESKTOP-KA91B3B" failures="0" tests="1" name="seleniumPractice.seleniumPractice.MyClass" time="9.472" errors="0" timestamp="2021-02-14T14:37:37 BDT" skipped="0">
  <testcase classname="seleniumPractice.seleniumPractice.MyClass" name="app" time="9.472"/>
  <system-out/>
</testsuite> <!-- seleniumPractice.seleniumPractice.MyClass -->
