<?xml version="1.0" encoding="UTF-8"?>
<!-- Generated by org.testng.reporters.JUnitReportReporter -->
<testsuite hostname="DESKTOP-KA91B3B" failures="0" tests="2" name="seleniumPractice.testNG.DependencyAndAlwaysRun" time="0.016" errors="0" timestamp="2021-02-28T17:01:11 BDT" skipped="0">
  <testcase classname="seleniumPractice.testNG.DependencyAndAlwaysRun" name="driveCar" time="0.003"/>
  <system-out/>
  <testcase classname="seleniumPractice.testNG.DependencyAndAlwaysRun" name="startCar" time="0.013"/>
  <system-out/>
</testsuite> <!-- seleniumPractice.testNG.DependencyAndAlwaysRun -->
