<?xml version="1.0" encoding="UTF-8"?>
<!-- Generated by org.testng.reporters.JUnitReportReporter -->
<testsuite hostname="DESKTOP-KA91B3B" failures="0" tests="1" name="seleniumPractice.dataDriven.ReadingDataFromExcel" time="0.787" errors="0" timestamp="2021-02-21T11:16:35 BDT" skipped="0">
  <testcase classname="seleniumPractice.dataDriven.ReadingDataFromExcel" name="app" time="0.787"/>
  <system-out/>
</testsuite> <!-- seleniumPractice.dataDriven.ReadingDataFromExcel -->
