<?xml version="1.0" encoding="UTF-8"?>
<!-- Generated by org.testng.reporters.JUnitReportReporter -->
<testsuite hostname="DESKTOP-KA91B3B" failures="0" tests="1" name="seleniumPractice.seleniumPractice.DatePicker" time="10.650" errors="0" timestamp="2021-03-02T22:19:40 BDT" skipped="0">
  <testcase classname="seleniumPractice.seleniumPractice.DatePicker" name="app" time="10.650"/>
  <system-out/>
</testsuite> <!-- seleniumPractice.seleniumPractice.DatePicker -->
