<?xml version="1.0" encoding="UTF-8"?>
<!-- Generated by org.testng.reporters.JUnitReportReporter -->
<testsuite hostname="DESKTOP-KA91B3B" failures="0" tests="1" name="seleniumPractice.javascriptExecutor.ScrollingAndRefreshPage" time="13.765" errors="0" timestamp="2021-02-23T23:25:52 BDT" skipped="0">
  <testcase classname="seleniumPractice.javascriptExecutor.ScrollingAndRefreshPage" name="app" time="13.765"/>
  <system-out/>
</testsuite> <!-- seleniumPractice.javascriptExecutor.ScrollingAndRefreshPage -->
