<?xml version="1.0" encoding="UTF-8"?>
<!-- Generated by org.testng.reporters.JUnitReportReporter -->
<testsuite hostname="DESKTOP-KA91B3B" failures="0" tests="1" name="seleniumPractice.seleniumPractice.MouseHover" time="17.820" errors="0" timestamp="2021-02-19T16:02:12 BDT" skipped="0">
  <testcase classname="seleniumPractice.seleniumPractice.MouseHover" name="app" time="17.820"/>
  <system-out/>
</testsuite> <!-- seleniumPractice.seleniumPractice.MouseHover -->
