<?xml version="1.0" encoding="UTF-8"?>
<!-- Generated by org.testng.reporters.JUnitReportReporter -->
<testsuite hostname="DESKTOP-KA91B3B" failures="0" tests="1" name="seleniumPractice.BatchTesting.PaymentReturns" time="0.003" errors="0" timestamp="2021-02-28T17:19:55 BDT" skipped="0">
  <testcase classname="seleniumPractice.BatchTesting.PaymentReturns" name="paymentReturnByBank" time="0.003"/>
  <system-out/>
</testsuite> <!-- seleniumPractice.BatchTesting.PaymentReturns -->
