<?xml version="1.0" encoding="UTF-8"?>
<!-- Generated by org.testng.reporters.JUnitReportReporter -->
<testsuite hostname="DESKTOP-KA91B3B" failures="0" tests="1" name="seleniumPractice.seleniumPractice.DragAndDrop" time="7.671" errors="0" timestamp="2021-02-19T17:33:19 BDT" skipped="0">
  <testcase classname="seleniumPractice.seleniumPractice.DragAndDrop" name="app" time="7.671"/>
  <system-out/>
</testsuite> <!-- seleniumPractice.seleniumPractice.DragAndDrop -->
