<?xml version="1.0" encoding="UTF-8"?>
<!-- Generated by org.testng.reporters.JUnitReportReporter -->
<testsuite hostname="DESKTOP-KA91B3B" failures="0" tests="1" name="seleniumPractice.dataDriven.WriteDataIntoMultipleSheet" time="0.885" errors="0" timestamp="2021-02-22T09:36:01 BDT" skipped="0">
  <testcase classname="seleniumPractice.dataDriven.WriteDataIntoMultipleSheet" name="app" time="0.885"/>
  <system-out/>
</testsuite> <!-- seleniumPractice.dataDriven.WriteDataIntoMultipleSheet -->
