<?xml version="1.0" encoding="UTF-8"?>
<!-- Generated by org.testng.reporters.JUnitReportReporter -->
<testsuite hostname="DESKTOP-KA91B3B" failures="0" tests="1" name="seleniumPractice.fileUpload.FileUploadEasyWay" time="10.198" errors="0" timestamp="2021-02-28T23:25:45 BDT" skipped="0">
  <testcase classname="seleniumPractice.fileUpload.FileUploadEasyWay" name="app" time="10.198"/>
  <system-out/>
</testsuite> <!-- seleniumPractice.fileUpload.FileUploadEasyWay -->
