<?xml version="1.0" encoding="UTF-8"?>
<!-- Generated by org.testng.reporters.JUnitReportReporter -->
<testsuite hostname="DESKTOP-KA91B3B" failures="0" tests="1" name="seleniumPractice.seleniumPractice.HandleWebElement" time="11.228" errors="0" timestamp="2021-02-14T22:52:07 BDT" skipped="0">
  <testcase classname="seleniumPractice.seleniumPractice.HandleWebElement" name="app" time="11.228"/>
  <system-out/>
</testsuite> <!-- seleniumPractice.seleniumPractice.HandleWebElement -->
