<?xml version="1.0" encoding="UTF-8"?>
<!-- Generated by org.testng.reporters.JUnitReportReporter -->
<testsuite hostname="DESKTOP-KA91B3B" failures="0" tests="1" name="seleniumPractice.testNG.AssertPractice" time="11.866" errors="0" timestamp="2021-02-25T23:01:03 BDT" skipped="0">
  <testcase classname="seleniumPractice.testNG.AssertPractice" name="app" time="11.866"/>
  <system-out/>
</testsuite> <!-- seleniumPractice.testNG.AssertPractice -->
