<?xml version="1.0" encoding="UTF-8"?>
<!-- Generated by org.testng.reporters.JUnitReportReporter -->
<testsuite hostname="DESKTOP-KA91B3B" failures="0" tests="1" name="seleniumPractice.CookieTest.CookieExample" time="10.945" errors="0" timestamp="2021-02-23T18:30:21 BDT" skipped="0">
  <testcase classname="seleniumPractice.CookieTest.CookieExample" name="app" time="10.945"/>
  <system-out/>
</testsuite> <!-- seleniumPractice.CookieTest.CookieExample -->
