<?xml version="1.0" encoding="UTF-8"?>
<!-- Generated by org.testng.reporters.JUnitReportReporter -->
<testsuite hostname="DESKTOP-KA91B3B" failures="0" tests="1" name="seleniumPractice.seleniumPractice.WebTable" time="25.795" errors="0" timestamp="2021-02-20T16:04:20 BDT" skipped="0">
  <testcase classname="seleniumPractice.seleniumPractice.WebTable" name="app" time="25.795"/>
  <system-out/>
</testsuite> <!-- seleniumPractice.seleniumPractice.WebTable -->
