<?xml version="1.0" encoding="UTF-8"?>
<!-- Generated by org.testng.reporters.JUnitReportReporter -->
<testsuite hostname="DESKTOP-KA91B3B" failures="0" tests="3" name="seleniumPractice.BatchTesting.SignUpTest" time="0.006" errors="0" timestamp="2021-02-28T17:19:55 BDT" skipped="0">
  <testcase classname="seleniumPractice.BatchTesting.SignUpTest" name="signUpByTwitter" time="0.003"/>
  <system-out/>
  <testcase classname="seleniumPractice.BatchTesting.SignUpTest" name="signUpByFacebook" time="0.002"/>
  <system-out/>
  <testcase classname="seleniumPractice.BatchTesting.SignUpTest" name="signUpByEmail" time="0.001"/>
  <system-out/>
</testsuite> <!-- seleniumPractice.BatchTesting.SignUpTest -->
