<?xml version="1.0" encoding="UTF-8"?>
<!-- Generated by org.testng.reporters.JUnitReportReporter -->
<testsuite hostname="DESKTOP-KA91B3B" failures="0" tests="2" name="seleniumPractice.testNG.Grouping" time="0.014" errors="0" timestamp="2021-02-26T23:23:12 BDT" skipped="0">
  <testcase classname="seleniumPractice.testNG.Grouping" name="test3" time="0.009"/>
  <system-out/>
  <testcase classname="seleniumPractice.testNG.Grouping" name="test4" time="0.005"/>
  <system-out/>
</testsuite> <!-- seleniumPractice.testNG.Grouping -->
