<?xml version="1.0" encoding="UTF-8"?>
<!-- Generated by org.testng.reporters.JUnitReportReporter -->
<testsuite hostname="DESKTOP-KA91B3B" failures="0" tests="1" name="seleniumPractice.seleniumPractice.SwitchingWindows" time="11.537" errors="0" timestamp="2021-02-24T21:00:25 BDT" skipped="0">
  <testcase classname="seleniumPractice.seleniumPractice.SwitchingWindows" name="app" time="11.537"/>
  <system-out/>
</testsuite> <!-- seleniumPractice.seleniumPractice.SwitchingWindows -->
