<?xml version="1.0" encoding="UTF-8"?>
<!-- Generated by org.testng.reporters.JUnitReportReporter -->
<testsuite hostname="DESKTOP-KA91B3B" failures="0" tests="1" name="seleniumPractice.seleniumPractice.SwitchingWindows" time="13.988" errors="0" timestamp="2021-02-14T15:54:24 BDT" skipped="0">
  <testcase classname="seleniumPractice.seleniumPractice.SwitchingWindows" name="app" time="13.988"/>
  <system-out/>
</testsuite> <!-- seleniumPractice.seleniumPractice.SwitchingWindows -->
