<?xml version="1.0" encoding="UTF-8"?>
<!-- Generated by org.testng.reporters.JUnitReportReporter -->
<testsuite hostname="DESKTOP-KA91B3B" failures="0" tests="1" name="seleniumPractice.seleniumPractice.DropDownPractice" time="8.663" errors="0" timestamp="2021-02-14T15:34:37 BDT" skipped="0">
  <testcase classname="seleniumPractice.seleniumPractice.DropDownPractice" name="app" time="8.663"/>
  <system-out/>
</testsuite> <!-- seleniumPractice.seleniumPractice.DropDownPractice -->
