<?xml version="1.0" encoding="UTF-8"?>
<!-- Generated by org.testng.reporters.JUnitReportReporter -->
<testsuite hostname="DESKTOP-KA91B3B" failures="0" tests="1" name="seleniumPractice.iframe.IframeHW" time="12.092" errors="0" timestamp="2021-02-24T20:06:06 BDT" skipped="0">
  <testcase classname="seleniumPractice.iframe.IframeHW" name="app" time="12.092"/>
  <system-out/>
</testsuite> <!-- seleniumPractice.iframe.IframeHW -->
