<?xml version="1.0" encoding="UTF-8"?>
<!-- Generated by org.testng.reporters.JUnitReportReporter -->
<testsuite hostname="DESKTOP-KA91B3B" failures="0" tests="1" name="seleniumPractice.seleniumPractice.StaleElementException" time="21.902" errors="0" timestamp="2021-03-02T20:43:14 BDT" skipped="0">
  <testcase classname="seleniumPractice.seleniumPractice.StaleElementException" name="app" time="21.902"/>
  <system-out/>
</testsuite> <!-- seleniumPractice.seleniumPractice.StaleElementException -->
