<?xml version="1.0" encoding="UTF-8"?>
<!-- Generated by org.testng.reporters.JUnitReportReporter -->
<testsuite hostname="DESKTOP-KA91B3B" failures="0" tests="1" name="seleniumPractice.seleniumPractice.HandleAlert" time="9.519" errors="0" timestamp="2021-02-19T10:57:52 BDT" skipped="0">
  <testcase classname="seleniumPractice.seleniumPractice.HandleAlert" name="myApp" time="9.519"/>
  <system-out/>
</testsuite> <!-- seleniumPractice.seleniumPractice.HandleAlert -->
