<?xml version="1.0" encoding="UTF-8"?>
<!-- Generated by org.testng.reporters.JUnitReportReporter -->
<testsuite hostname="DESKTOP-KA91B3B" failures="0" tests="1" name="seleniumPractice.seleniumPractice.Resizable" time="13.894" errors="0" timestamp="2021-02-20T11:54:04 BDT" skipped="0">
  <testcase classname="seleniumPractice.seleniumPractice.Resizable" name="app" time="13.894"/>
  <system-out/>
</testsuite> <!-- seleniumPractice.seleniumPractice.Resizable -->
