<?xml version="1.0" encoding="UTF-8"?>
<!-- Generated by org.testng.reporters.JUnitReportReporter -->
<testsuite hostname="DESKTOP-KA91B3B" failures="0" tests="2" name="seleniumPractice.BatchTesting.PaymentTest" time="0.009" errors="0" timestamp="2021-02-28T17:19:55 BDT" skipped="0">
  <testcase classname="seleniumPractice.BatchTesting.PaymentTest" name="paymentIndoller" time="0.002"/>
  <system-out/>
  <testcase classname="seleniumPractice.BatchTesting.PaymentTest" name="paymentInTaka" time="0.007"/>
  <system-out/>
</testsuite> <!-- seleniumPractice.BatchTesting.PaymentTest -->
