<?xml version="1.0" encoding="UTF-8"?>
<!-- Generated by org.testng.reporters.JUnitReportReporter -->
<testsuite hostname="DESKTOP-KA91B3B" failures="0" tests="1" name="seleniumPractice.seleniumPractice.DatePicker" time="7.976" errors="0" timestamp="2021-02-20T17:22:04 BDT" skipped="0">
  <testcase classname="seleniumPractice.seleniumPractice.DatePicker" name="app" time="7.976"/>
  <system-out/>
</testsuite> <!-- seleniumPractice.seleniumPractice.DatePicker -->
