<?xml version="1.0" encoding="UTF-8"?>
<!-- Generated by org.testng.reporters.JUnitReportReporter -->
<testsuite hostname="DESKTOP-KA91B3B" failures="0" tests="3" name="seleniumPractice.BatchTesting.LoginTest" time="0.049" errors="0" timestamp="2021-02-28T17:19:55 BDT" skipped="0">
  <testcase classname="seleniumPractice.BatchTesting.LoginTest" name="loginByEmail" time="0.040"/>
  <system-out/>
  <testcase classname="seleniumPractice.BatchTesting.LoginTest" name="loginByFacebook" time="0.006"/>
  <system-out/>
  <testcase classname="seleniumPractice.BatchTesting.LoginTest" name="loginByTwitter" time="0.003"/>
  <system-out/>
</testsuite> <!-- seleniumPractice.BatchTesting.LoginTest -->
